2025-11-08 00:29:48 | INFO     | Starting GRM + Feature Selection pipeline
2025-11-08 00:29:49 | INFO     | Loading dataset...
2025-11-08 00:29:50 | INFO     | Dataset loaded successfully with shape (100000, 110)
2025-11-08 00:29:50 | INFO     | Running preprocessing pipeline...
2025-11-08 00:29:54 | INFO     | Preprocessing complete. Processed shape: (100000, 59)
2025-11-08 00:29:56 | INFO     | Starting GRM model training for Big Five traits...
2025-11-08 00:29:56 | INFO     | Training GRM for Openness
2025-11-08 00:30:37 | INFO     | GRM training complete for Openness
2025-11-08 00:30:37 | INFO     | Saving IRT parameters for Openness
2025-11-08 00:30:37 | INFO     | Thetas extracted for Openness: shape (100000,)
2025-11-08 00:30:37 | INFO     | Training GRM for Conscientiousness
2025-11-08 00:31:17 | INFO     | GRM training complete for Conscientiousness
2025-11-08 00:31:17 | INFO     | Saving IRT parameters for Conscientiousness
2025-11-08 00:31:17 | INFO     | Thetas extracted for Conscientiousness: shape (100000,)
2025-11-08 00:31:17 | INFO     | Training GRM for Extraversion
2025-11-08 00:31:55 | INFO     | GRM training complete for Extraversion
2025-11-08 00:31:55 | INFO     | Saving IRT parameters for Extraversion
2025-11-08 00:31:56 | INFO     | Thetas extracted for Extraversion: shape (100000,)
2025-11-08 00:31:56 | INFO     | Training GRM for Agreeableness
2025-11-08 00:32:34 | INFO     | GRM training complete for Agreeableness
2025-11-08 00:32:34 | INFO     | Saving IRT parameters for Agreeableness
2025-11-08 00:32:34 | INFO     | Thetas extracted for Agreeableness: shape (100000,)
2025-11-08 00:32:34 | INFO     | Training GRM for Neuroticism
2025-11-08 00:33:16 | INFO     | GRM training complete for Neuroticism
2025-11-08 00:33:16 | INFO     | Saving IRT parameters for Neuroticism
2025-11-08 00:33:16 | INFO     | Thetas extracted for Neuroticism: shape (100000,)
2025-11-08 00:33:17 | INFO     | Combined theta dataframe saved and logged.
2025-11-08 00:33:17 | INFO     | Running feature selection (Spearman + PCA)...
2025-11-08 00:33:17 | INFO     | Feature selection completed successfully.
2025-11-08 00:33:17 | INFO     | Generating performance dashboard...
2025-11-08 00:33:20 | INFO     | Performance dashboard logged successfully.
2025-11-08 00:33:22 | INFO     | Pipeline execution completed successfully.
2025-11-08 00:48:43 | INFO     | Starting GRM + Feature Selection pipeline
2025-11-08 00:48:44 | INFO     | Loading dataset...
2025-11-08 00:48:46 | INFO     | Dataset loaded successfully with shape (100000, 110)
2025-11-08 00:48:46 | INFO     | Running preprocessing pipeline...
2025-11-08 00:48:51 | INFO     | Preprocessing complete. Processed shape: (100000, 59)
2025-11-08 00:48:53 | INFO     | Starting GRM model training for Big Five traits...
2025-11-08 00:48:53 | INFO     | Training GRM for Openness
2025-11-08 00:49:48 | INFO     | Starting GRM + Feature Selection pipeline
2025-11-08 00:49:49 | INFO     | Loading dataset...
2025-11-08 00:49:52 | INFO     | Dataset loaded successfully with shape (100000, 110)
2025-11-08 00:49:52 | INFO     | Running preprocessing pipeline...
2025-11-08 00:49:57 | INFO     | Preprocessing complete. Processed shape: (100000, 59)
2025-11-08 00:49:59 | INFO     | Starting GRM model training for Big Five traits...
2025-11-08 00:49:59 | INFO     | Training GRM for Openness
2025-11-08 00:50:44 | INFO     | GRM training complete for Openness
2025-11-08 00:50:44 | INFO     | Saving IRT parameters for Openness
2025-11-08 00:50:44 | INFO     | Thetas extracted for Openness: shape (100000,)
2025-11-08 00:50:44 | INFO     | Training GRM for Conscientiousness
2025-11-08 00:51:22 | INFO     | GRM training complete for Conscientiousness
2025-11-08 00:51:22 | INFO     | Saving IRT parameters for Conscientiousness
2025-11-08 00:51:23 | INFO     | Thetas extracted for Conscientiousness: shape (100000,)
2025-11-08 00:51:23 | INFO     | Training GRM for Extraversion
2025-11-08 00:52:02 | INFO     | GRM training complete for Extraversion
2025-11-08 00:52:02 | INFO     | Saving IRT parameters for Extraversion
2025-11-08 00:52:02 | INFO     | Thetas extracted for Extraversion: shape (100000,)
2025-11-08 00:52:02 | INFO     | Training GRM for Agreeableness
2025-11-08 00:52:40 | INFO     | GRM training complete for Agreeableness
2025-11-08 00:52:40 | INFO     | Saving IRT parameters for Agreeableness
2025-11-08 00:52:41 | INFO     | Thetas extracted for Agreeableness: shape (100000,)
2025-11-08 00:52:41 | INFO     | Training GRM for Neuroticism
2025-11-08 00:53:20 | INFO     | GRM training complete for Neuroticism
2025-11-08 00:53:20 | INFO     | Saving IRT parameters for Neuroticism
2025-11-08 00:53:20 | INFO     | Thetas extracted for Neuroticism: shape (100000,)
2025-11-08 00:53:21 | INFO     | Combined theta dataframe saved and logged.
2025-11-08 00:53:21 | INFO     | Running parameter diagnostics...
2025-11-08 01:11:40 | INFO     | Starting GRM + Feature Selection pipeline
2025-11-08 01:11:40 | INFO     | Loading dataset...
2025-11-08 01:11:42 | INFO     | Dataset loaded successfully with shape (100000, 110)
2025-11-08 01:11:42 | INFO     | Running preprocessing pipeline...
2025-11-08 01:11:47 | INFO     | Preprocessing complete. Processed shape: (100000, 59)
2025-11-08 01:11:49 | INFO     | Starting GRM model training for Big Five traits...
2025-11-08 01:11:49 | INFO     | Training GRM for Openness
2025-11-08 01:12:34 | INFO     | GRM training complete for Openness
2025-11-08 01:12:34 | INFO     | Saving IRT parameters for Openness
2025-11-08 01:12:35 | INFO     | Thetas extracted for Openness: shape (100000,)
2025-11-08 01:12:35 | INFO     | Training GRM for Conscientiousness
2025-11-08 01:13:14 | INFO     | GRM training complete for Conscientiousness
2025-11-08 01:13:14 | INFO     | Saving IRT parameters for Conscientiousness
2025-11-08 01:13:15 | INFO     | Thetas extracted for Conscientiousness: shape (100000,)
2025-11-08 01:13:15 | INFO     | Training GRM for Extraversion
2025-11-08 01:13:54 | INFO     | GRM training complete for Extraversion
2025-11-08 01:13:54 | INFO     | Saving IRT parameters for Extraversion
2025-11-08 01:13:54 | INFO     | Thetas extracted for Extraversion: shape (100000,)
2025-11-08 01:13:54 | INFO     | Training GRM for Agreeableness
2025-11-08 01:14:32 | INFO     | GRM training complete for Agreeableness
2025-11-08 01:14:32 | INFO     | Saving IRT parameters for Agreeableness
2025-11-08 01:14:33 | INFO     | Thetas extracted for Agreeableness: shape (100000,)
2025-11-08 01:14:33 | INFO     | Training GRM for Neuroticism
2025-11-08 01:15:11 | INFO     | GRM training complete for Neuroticism
2025-11-08 01:15:11 | INFO     | Saving IRT parameters for Neuroticism
2025-11-08 01:15:11 | INFO     | Thetas extracted for Neuroticism: shape (100000,)
2025-11-08 01:15:12 | INFO     | Combined theta dataframe saved and logged.
2025-11-08 01:15:12 | INFO     | Running parameter diagnostics...
2025-11-08 01:15:15 | INFO     | Diagnostics report logged successfully.
2025-11-08 01:15:15 | INFO     | Parameter diagnostics completed and artifacts logged.
2025-11-08 01:15:15 | INFO     | Running feature selection (Spearman + PCA)...
2025-11-08 01:15:15 | INFO     | Feature selection completed successfully.
2025-11-08 01:15:15 | INFO     | Generating performance dashboard...
2025-11-08 01:15:19 | INFO     | Performance dashboard logged successfully.
2025-11-08 01:15:21 | INFO     | Pipeline execution completed successfully.
2025-11-08 01:19:47 | INFO     | Starting GRM + Feature Selection pipeline
2025-11-08 01:19:48 | INFO     | Loading dataset...
2025-11-08 01:19:51 | INFO     | Dataset loaded successfully with shape (100000, 110)
2025-11-08 01:19:51 | INFO     | Running preprocessing pipeline...
2025-11-08 01:19:56 | INFO     | Preprocessing complete. Processed shape: (100000, 59)
2025-11-08 01:19:59 | INFO     | Starting GRM model training for Big Five traits...
2025-11-08 01:19:59 | INFO     | Training GRM for Openness
2025-11-08 01:20:44 | INFO     | GRM training complete for Openness
2025-11-08 01:20:44 | INFO     | Saving IRT parameters for Openness
2025-11-08 01:20:45 | INFO     | Thetas extracted for Openness: shape (100000,)
2025-11-08 01:20:45 | INFO     | Training GRM for Conscientiousness
2025-11-08 01:21:23 | INFO     | GRM training complete for Conscientiousness
2025-11-08 01:21:23 | INFO     | Saving IRT parameters for Conscientiousness
2025-11-08 01:21:24 | INFO     | Thetas extracted for Conscientiousness: shape (100000,)
2025-11-08 01:21:24 | INFO     | Training GRM for Extraversion
2025-11-08 01:22:01 | INFO     | GRM training complete for Extraversion
2025-11-08 01:22:01 | INFO     | Saving IRT parameters for Extraversion
2025-11-08 01:22:02 | INFO     | Thetas extracted for Extraversion: shape (100000,)
2025-11-08 01:22:02 | INFO     | Training GRM for Agreeableness
2025-11-08 01:22:39 | INFO     | GRM training complete for Agreeableness
2025-11-08 01:22:39 | INFO     | Saving IRT parameters for Agreeableness
2025-11-08 01:22:39 | INFO     | Thetas extracted for Agreeableness: shape (100000,)
2025-11-08 01:22:40 | INFO     | Training GRM for Neuroticism
2025-11-08 01:23:18 | INFO     | GRM training complete for Neuroticism
2025-11-08 01:23:18 | INFO     | Saving IRT parameters for Neuroticism
2025-11-08 01:23:18 | INFO     | Thetas extracted for Neuroticism: shape (100000,)
2025-11-08 01:23:19 | INFO     | Combined theta dataframe saved and logged.
2025-11-08 01:23:19 | INFO     | Running parameter diagnostics...
2025-11-08 01:23:21 | INFO     | Diagnostics report logged successfully.
2025-11-08 01:23:21 | INFO     | Parameter diagnostics completed and artifacts logged.
2025-11-08 01:23:21 | INFO     | Running feature selection (Spearman + PCA)...
2025-11-08 01:23:21 | INFO     | Feature selection completed successfully.
2025-11-08 01:23:21 | INFO     | Generating performance dashboard...
2025-11-08 01:23:24 | INFO     | Performance dashboard logged successfully.
2025-11-08 01:23:27 | INFO     | Pipeline execution completed successfully.
2025-11-08 01:42:07 | INFO     | Starting GRM + Feature Selection pipeline...
2025-11-08 01:42:08 | INFO     | MLflow run started: 4126fa7ca33341c2a370c0ad2fa3a406
2025-11-08 01:42:08 | INFO     | Loading dataset...
2025-11-08 01:42:10 | INFO     |  Dataset loaded successfully: (100000, 110)
2025-11-08 01:42:10 | INFO     | 🧹 Running preprocessing pipeline...
2025-11-08 01:42:14 | INFO     | Preprocessing complete. Shape: (100000, 59)
2025-11-08 01:42:15 | INFO     | Starting GRM model training for Big Five traits...
2025-11-08 01:42:15 | INFO     | Training GRM for Openness...
2025-11-08 01:42:58 | INFO     |  GRM training complete for Openness
2025-11-08 01:42:58 | INFO     | Saving IRT parameters for Openness...
2025-11-08 01:42:59 | INFO     | Training GRM for Conscientiousness...
2025-11-08 01:43:38 | INFO     |  GRM training complete for Conscientiousness
2025-11-08 01:43:39 | INFO     | Saving IRT parameters for Conscientiousness...
2025-11-08 01:43:39 | INFO     | Training GRM for Extraversion...
2025-11-08 01:44:18 | INFO     |  GRM training complete for Extraversion
2025-11-08 01:44:18 | INFO     | Saving IRT parameters for Extraversion...
2025-11-08 01:44:18 | INFO     | Training GRM for Agreeableness...
2025-11-08 01:44:56 | INFO     |  GRM training complete for Agreeableness
2025-11-08 01:44:56 | INFO     | Saving IRT parameters for Agreeableness...
2025-11-08 01:44:57 | INFO     | Training GRM for Neuroticism...
2025-11-08 01:45:35 | INFO     |  GRM training complete for Neuroticism
2025-11-08 01:45:36 | INFO     | Saving IRT parameters for Neuroticism...
2025-11-08 01:45:37 | INFO     | Combined theta dataframe saved and logged.
2025-11-08 01:45:37 | INFO     | Running parameter diagnostics...
2025-11-08 01:45:39 | INFO     | Diagnostics report logged successfully.
2025-11-08 01:45:39 | INFO     | Running feature selection (Spearman + PCA)...
2025-11-08 01:51:15 | INFO     | Starting GRM + Feature Selection pipeline...
2025-11-08 01:51:15 | INFO     | MLflow run started: 10a7272f1e4d4884966ffb0a0cbc9e34
2025-11-08 01:51:15 | INFO     | Loading dataset...
2025-11-08 01:51:18 | INFO     |  Dataset loaded successfully: (100000, 110)
2025-11-08 01:51:18 | INFO     | 🧹 Running preprocessing pipeline...
2025-11-08 01:51:22 | INFO     | Preprocessing complete. Shape: (100000, 59)
2025-11-08 01:51:24 | INFO     | Starting GRM model training for Big Five traits...
2025-11-08 01:51:24 | INFO     | Training GRM for Openness...
2025-11-08 01:52:06 | INFO     |  GRM training complete for Openness
2025-11-08 01:52:06 | INFO     | Saving IRT parameters for Openness...
2025-11-08 01:52:07 | INFO     | Training GRM for Conscientiousness...
2025-11-08 01:52:45 | INFO     |  GRM training complete for Conscientiousness
2025-11-08 01:52:45 | INFO     | Saving IRT parameters for Conscientiousness...
2025-11-08 01:52:45 | INFO     | Training GRM for Extraversion...
2025-11-08 01:53:24 | INFO     |  GRM training complete for Extraversion
2025-11-08 01:53:24 | INFO     | Saving IRT parameters for Extraversion...
2025-11-08 01:53:24 | INFO     | Training GRM for Agreeableness...
2025-11-08 01:54:02 | INFO     |  GRM training complete for Agreeableness
2025-11-08 01:54:02 | INFO     | Saving IRT parameters for Agreeableness...
2025-11-08 01:54:02 | INFO     | Training GRM for Neuroticism...
2025-11-08 01:54:40 | INFO     |  GRM training complete for Neuroticism
2025-11-08 01:54:40 | INFO     | Saving IRT parameters for Neuroticism...
2025-11-08 01:54:41 | INFO     | Combined theta dataframe saved and logged.
2025-11-08 01:54:41 | INFO     | Running parameter diagnostics...
2025-11-08 01:54:44 | INFO     | Diagnostics report logged successfully.
2025-11-08 01:54:44 | INFO     | Running feature selection (Spearman + PCA)...
2025-11-08 01:55:12 | INFO     | Feature selection completed successfully.
2025-11-08 01:55:12 | INFO     | Generating performance dashboard...
2025-11-08 01:55:17 | INFO     | Performance dashboard logged successfully.
2025-11-08 01:55:19 | INFO     | Pipeline execution completed successfully.
2025-11-08 01:59:55 | INFO     | Starting GRM + Feature Selection pipeline...
2025-11-08 01:59:56 | INFO     | MLflow run started: 2c2ac1134bc345118d5552530fa78db5
2025-11-08 01:59:56 | INFO     | Loading dataset...
2025-11-08 01:59:58 | INFO     |  Dataset loaded successfully: (100000, 110)
2025-11-08 01:59:58 | INFO     | 🧹 Running preprocessing pipeline...
2025-11-08 02:00:01 | INFO     | Preprocessing complete. Shape: (100000, 59)
2025-11-08 02:00:03 | INFO     | Starting GRM model training for Big Five traits...
2025-11-08 02:00:03 | INFO     | Training GRM for Openness...
2025-11-08 02:00:45 | INFO     |  GRM training complete for Openness
2025-11-08 02:00:45 | INFO     | Saving IRT parameters for Openness...
2025-11-08 02:00:45 | INFO     | Training GRM for Conscientiousness...
2025-11-08 02:01:24 | INFO     |  GRM training complete for Conscientiousness
2025-11-08 02:01:24 | INFO     | Saving IRT parameters for Conscientiousness...
2025-11-08 02:01:24 | INFO     | Training GRM for Extraversion...
2025-11-08 02:02:03 | INFO     |  GRM training complete for Extraversion
2025-11-08 02:02:03 | INFO     | Saving IRT parameters for Extraversion...
2025-11-08 02:02:03 | INFO     | Training GRM for Agreeableness...
2025-11-08 02:02:42 | INFO     |  GRM training complete for Agreeableness
2025-11-08 02:02:42 | INFO     | Saving IRT parameters for Agreeableness...
2025-11-08 02:02:43 | INFO     | Training GRM for Neuroticism...
2025-11-08 02:03:21 | INFO     |  GRM training complete for Neuroticism
2025-11-08 02:03:21 | INFO     | Saving IRT parameters for Neuroticism...
2025-11-08 02:03:23 | INFO     | Combined theta dataframe saved and logged.
2025-11-08 02:03:23 | INFO     | Running parameter diagnostics...
2025-11-08 02:03:24 | INFO     | Diagnostics report logged successfully.
2025-11-08 02:03:24 | INFO     | Running feature selection (Spearman + PCA)...
2025-11-08 02:03:30 | INFO     | Feature selection completed successfully.
2025-11-08 02:03:30 | INFO     | Generating performance dashboard...
2025-11-08 02:03:34 | INFO     | Performance dashboard logged successfully.
2025-11-08 02:03:36 | INFO     | Pipeline execution completed successfully.
